-------------------------------------------------------------------------------
Test set: com.globant.openbank.demoopenbank.DemoOpenbankApplicationTests
-------------------------------------------------------------------------------
Tests run: 1, Failures: 0, Errors: 1, Skipped: 0, Time elapsed: 1.242 s <<< FAILURE! - in com.globant.openbank.demoopenbank.DemoOpenbankApplicationTests
contextLoads  Time elapsed: 0 s  <<< ERROR!
java.lang.IllegalStateException: Failed to load ApplicationContext
Caused by: org.springframework.beans.factory.BeanCreationException: Error creating bean with name 'requestMappingHandlerAdapter' defined in class path resource [org/springframework/boot/autoconfigure/web/servlet/WebMvcAutoConfiguration$EnableWebMvcConfiguration.class]: Invocation of init method failed; nested exception is java.lang.NoSuchFieldError: defaultInstance
Caused by: java.lang.NoSuchFieldError: defaultInstance

